  CppCLR_WinformsProjekt.cpp
C:\Users\user\source\repos\Monday_8am_class\Monday_8am_class\Form1.h(22,14): warning C4305: '正在初始化': 從 'double' 轉換為 'float'，是由較大的類型轉換為較小的類型，可能導致資料遺失
C:\Users\user\source\repos\Monday_8am_class\Monday_8am_class\Form1.h(56,15): warning C4305: '正在初始化': 從 'double' 轉換為 'float'，是由較大的類型轉換為較小的類型，可能導致資料遺失
C:\Users\user\source\repos\Monday_8am_class\Monday_8am_class\Form1.h(322,18): warning C4477: 'fscanf' : 格式字串 '%f' 需要 'float *' 類型的引數，但 variadic 引數 1 的類型為 'int *'
C:\Users\user\source\repos\Monday_8am_class\Monday_8am_class\Form1.h(316,12): warning C4996: 'fopen': This function or variable may be unsafe. Consider using fopen_s instead. To disable deprecation, use _CRT_SECURE_NO_WARNINGS. See online help for details.
C:\Users\user\source\repos\Monday_8am_class\Monday_8am_class\Form1.h(317,4): warning C4996: 'fscanf': This function or variable may be unsafe. Consider using fscanf_s instead. To disable deprecation, use _CRT_SECURE_NO_WARNINGS. See online help for details.
C:\Users\user\source\repos\Monday_8am_class\Monday_8am_class\Form1.h(318,4): warning C4996: 'fscanf': This function or variable may be unsafe. Consider using fscanf_s instead. To disable deprecation, use _CRT_SECURE_NO_WARNINGS. See online help for details.
C:\Users\user\source\repos\Monday_8am_class\Monday_8am_class\Form1.h(319,4): warning C4996: 'fscanf': This function or variable may be unsafe. Consider using fscanf_s instead. To disable deprecation, use _CRT_SECURE_NO_WARNINGS. See online help for details.
C:\Users\user\source\repos\Monday_8am_class\Monday_8am_class\Form1.h(320,4): warning C4996: 'fscanf': This function or variable may be unsafe. Consider using fscanf_s instead. To disable deprecation, use _CRT_SECURE_NO_WARNINGS. See online help for details.
C:\Users\user\source\repos\Monday_8am_class\Monday_8am_class\Form1.h(322,4): warning C4996: 'fscanf': This function or variable may be unsafe. Consider using fscanf_s instead. To disable deprecation, use _CRT_SECURE_NO_WARNINGS. See online help for details.
C:\Users\user\source\repos\Monday_8am_class\Monday_8am_class\Form1.h(323,4): warning C4996: 'fscanf': This function or variable may be unsafe. Consider using fscanf_s instead. To disable deprecation, use _CRT_SECURE_NO_WARNINGS. See online help for details.
C:\Users\user\source\repos\Monday_8am_class\Monday_8am_class\Form1.h(325,4): warning C4996: 'fscanf': This function or variable may be unsafe. Consider using fscanf_s instead. To disable deprecation, use _CRT_SECURE_NO_WARNINGS. See online help for details.
C:\Users\user\source\repos\Monday_8am_class\Monday_8am_class\Form1.h(327,4): warning C4996: 'fscanf': This function or variable may be unsafe. Consider using fscanf_s instead. To disable deprecation, use _CRT_SECURE_NO_WARNINGS. See online help for details.
C:\Users\user\source\repos\Monday_8am_class\Monday_8am_class\Form1.h(335,50): warning C4244: '引數': 將 'float' 轉換為 'int'，由於類型不同，可能導致資料遺失
C:\Users\user\source\repos\Monday_8am_class\Monday_8am_class\Form1.h(336,132): warning C4244: '引數': 將 'float' 轉換為 'int'，由於類型不同，可能導致資料遺失
C:\Users\user\source\repos\Monday_8am_class\Monday_8am_class\Form1.h(337,132): warning C4244: '引數': 將 'float' 轉換為 'int'，由於類型不同，可能導致資料遺失
C:\Users\user\source\repos\Monday_8am_class\Monday_8am_class\Form1.h(352,28): warning C4244: '正在初始化': 將 'float' 轉換為 'int'，由於類型不同，可能導致資料遺失
C:\Users\user\source\repos\Monday_8am_class\Monday_8am_class\Form1.h(353,11): warning C4244: '正在初始化': 將 'float' 轉換為 'int'，由於類型不同，可能導致資料遺失
C:\Users\user\source\repos\Monday_8am_class\Monday_8am_class\Form1.h(354,108): warning C4244: '正在初始化': 將 'float' 轉換為 'int'，由於類型不同，可能導致資料遺失
C:\Users\user\source\repos\Monday_8am_class\Monday_8am_class\Form1.h(355,14): warning C4244: '正在初始化': 將 'float' 轉換為 'int'，由於類型不同，可能導致資料遺失
C:\Users\user\source\repos\Monday_8am_class\Monday_8am_class\Form1.h(357,21): warning C4244: '=': 將 'float' 轉換為 'int'，由於類型不同，可能導致資料遺失
C:\Users\user\source\repos\Monday_8am_class\Monday_8am_class\Form1.h(358,31): warning C4244: '=': 將 'float' 轉換為 'int'，由於類型不同，可能導致資料遺失
C:\Users\user\source\repos\Monday_8am_class\Monday_8am_class\Form1.h(371,31): warning C4244: '=': 將 'int' 轉換為 'float'，由於類型不同，可能導致資料遺失
C:\Users\user\source\repos\Monday_8am_class\Monday_8am_class\Form1.h(372,31): warning C4244: '=': 將 'int' 轉換為 'float'，由於類型不同，可能導致資料遺失
C:\Users\user\source\repos\Monday_8am_class\Monday_8am_class\Form1.h(398,1): warning C4305: '=': 從 'double' 轉換為 'float'，是由較大的類型轉換為較小的類型，可能導致資料遺失
C:\Users\user\source\repos\Monday_8am_class\Monday_8am_class\Form1.h(402,1): warning C4305: '=': 從 'double' 轉換為 'float'，是由較大的類型轉換為較小的類型，可能導致資料遺失
  AssemblyInfo.obj : 發現 MSIL 模組。MSIL 的累加連結已停用。正在執行完整連結
  Monday_8am_class.vcxproj -> C:\Users\user\source\repos\Monday_8am_class\Debug\Monday_8am_class.exe
